<?xml version="1.0" encoding="UTF-8"?>
<testsuites>
  <testsuite name="TestUsers" file="F:\php7.1\xampp\htdocs\cfpc\application\tests\models\TestUsers.php" tests="6" assertions="6" failures="1" errors="0" time="0.097601">
    <testcase name="test_registration_insert_true" class="TestUsers" file="F:\php7.1\xampp\htdocs\cfpc\application\tests\models\TestUsers.php" line="30" assertions="1" time="0.026000">
      <failure type="PHPUnit_Framework_ExpectationFailedException">TestUsers::test_registration_insert_true
Failed asserting that false matches expected true.

F:\php7.1\xampp\htdocs\cfpc\application\tests\models\TestUsers.php:40
</failure>
    </testcase>
    <testcase name="test_registration_insert_false" class="TestUsers" file="F:\php7.1\xampp\htdocs\cfpc\application\tests\models\TestUsers.php" line="43" assertions="1" time="0.020771"/>
    <testcase name="test_login_true" class="TestUsers" file="F:\php7.1\xampp\htdocs\cfpc\application\tests\models\TestUsers.php" line="55" assertions="1" time="0.010338"/>
    <testcase name="test_login_false" class="TestUsers" file="F:\php7.1\xampp\htdocs\cfpc\application\tests\models\TestUsers.php" line="68" assertions="1" time="0.009967"/>
    <testcase name="test_read_user_information_true" class="TestUsers" file="F:\php7.1\xampp\htdocs\cfpc\application\tests\models\TestUsers.php" line="81" assertions="1" time="0.019403"/>
    <testcase name="test_read_user_information_false" class="TestUsers" file="F:\php7.1\xampp\htdocs\cfpc\application\tests\models\TestUsers.php" line="92" assertions="1" time="0.011122"/>
  </testsuite>
</testsuites>
