<?xml version="1.0" encoding="UTF-8"?>
<testsuites>
  <testsuite name="TestOperation_model" file="F:\php7.1\xampp\htdocs\crftpr\application\tests\models\TestOperation_model.php" fullPackage="TestOperation" tests="2" assertions="2" failures="2" errors="0" time="2.616012">
    <testcase name="test_get_projects_data" class="TestOperation_model" file="F:\php7.1\xampp\htdocs\crftpr\application\tests\models\TestOperation_model.php" line="17" assertions="1" time="1.319791">
      <failure type="PHPUnit_Framework_ExpectationFailedException">TestOperation_model::test_get_projects_data
Failed asserting that two arrays are equal.
--- Expected
+++ Actual
@@ @@
 Array (
     2 =&gt; 'test project'
+    3 =&gt; 'test project 2'
 )

F:\php7.1\xampp\htdocs\crftpr\application\tests\models\TestOperation_model.php:22
</failure>
    </testcase>
    <testcase name="test_get_all_fixed_data" class="TestOperation_model" file="F:\php7.1\xampp\htdocs\crftpr\application\tests\models\TestOperation_model.php" line="24" assertions="1" time="1.296221">
      <failure type="PHPUnit_Framework_ExpectationFailedException">TestOperation_model::test_get_all_fixed_data
Failed asserting that two arrays are equal.
--- Expected
+++ Actual
@@ @@
 Array (
-    31 =&gt; 'Solar panel'
-    32 =&gt; 'Global energy mix'
+    31 =&gt; 'Solar panel | 0.045'
+    32 =&gt; 'Global energy mix | 0.528'
+    41 =&gt; 'Engime energy | 0.002'
 )

F:\php7.1\xampp\htdocs\crftpr\application\tests\models\TestOperation_model.php:29
</failure>
    </testcase>
  </testsuite>
</testsuites>
